<?xml version="1.0" encoding="UTF-8"?>
<!-- Generated by org.testng.reporters.JUnitReportReporter -->
<testsuite skipped="0" hostname="Damiens-MacBook-Air.local" name="com.syntax.class1.Task" tests="2" failures="0" timestamp="2020-08-29T12:45:10 EDT" time="0.007" errors="0">
  <testcase name="test1" time="0.006" classname="com.syntax.class1.Task"/>
  <system-out/>
  <testcase name="test2" time="0.001" classname="com.syntax.class1.Task"/>
  <system-out/>
</testsuite> <!-- com.syntax.class1.Task -->
