<?xml version="1.0" encoding="UTF-8"?>
<!-- Generated by org.testng.reporters.JUnitReportReporter -->
<testsuite skipped="0" hostname="Damiens-MacBook-Air.local" name="com.syntax.class1.DifferentAnnotations" tests="3" failures="0" timestamp="2020-08-29T12:30:52 EDT" time="0.006" errors="0">
  <testcase name="testMethod" time="0.004" classname="com.syntax.class1.DifferentAnnotations"/>
  <system-out/>
  <testcase name="testMethod3" time="0.001" classname="com.syntax.class1.DifferentAnnotations"/>
  <system-out/>
  <testcase name="testMethod2" time="0.001" classname="com.syntax.class1.DifferentAnnotations"/>
  <system-out/>
</testsuite> <!-- com.syntax.class1.DifferentAnnotations -->
